<?xml version="1.0" encoding="UTF-8"?>
<testsuite xmlns:xsi="http://www.w3.org/2001/XMLSchema-instance" xsi:noNamespaceSchemaLocation="https://maven.apache.org/surefire/maven-surefire-plugin/xsd/surefire-test-report-3.0.xsd" version="3.0" name="pc05401.assignment.AssignmentApplicationTests" time="9.188" tests="1" errors="0" skipped="0" failures="0">
  <properties>
[...]
</properties>
  <testcase name="contextLoads" classname="pc05401.assignment.AssignmentApplicationTests" time="0.607">
    <system-out><![CDATA[10:41:14.491 [main] INFO org.springframework.test.context.support.AnnotationConfigContextLoaderUtils -- Could not detect default configuration classes for test class [pc05401.assignment.AssignmentApplicationTests]: AssignmentApplicationTests does not declare any static, non-private, non-final, nested classes annotated with @Configuration.
10:41:14.618 [main] INFO org.springframework.boot.test.context.SpringBootTestContextBootstrapper -- Found @SpringBootConfiguration pc05401.assignment.AssignmentApplication for test class pc05401.assignment.AssignmentApplicationTests
10:41:14.811 [main] INFO org.springframework.boot.devtools.restart.RestartApplicationListener -- Restart disabled due to context in which it is running

  .   ____          _            __ _ _
 /\\ / ___'_ __ _ _(_)_ __  __ _ \ \ \ \
( ( )\___ | '_ | '_| | '_ \/ _` | \ \ \ \
 \\/  ___)| |_)| | | | | || (_| |  ) ) ) )
  '  |____| .__|_| |_|_| |_\__, | / / / /
 =========|_|==============|___/=/_/_/_/
 :: Spring Boot ::                (v3.2.2)

2024-03-20T10:41:15.125+07:00  INFO 15932 --- [           main] p.assignment.AssignmentApplicationTests  : Starting AssignmentApplicationTests using Java 19.0.1 with PID 15932 (started by hoanl in G:\java5\AssignmentJava5)
2024-03-20T10:41:15.126+07:00  INFO 15932 --- [           main] p.assignment.AssignmentApplicationTests  : No active profile set, falling back to 1 default profile: "default"
2024-03-20T10:41:16.033+07:00  INFO 15932 --- [           main] .s.d.r.c.RepositoryConfigurationDelegate : Bootstrapping Spring Data JPA repositories in DEFAULT mode.
2024-03-20T10:41:16.200+07:00  INFO 15932 --- [           main] .s.d.r.c.RepositoryConfigurationDelegate : Finished Spring Data repository scanning in 158 ms. Found 10 JPA repository interfaces.
2024-03-20T10:41:16.838+07:00  INFO 15932 --- [           main] o.hibernate.jpa.internal.util.LogHelper  : HHH000204: Processing PersistenceUnitInfo [name: default]
2024-03-20T10:41:16.910+07:00  INFO 15932 --- [           main] org.hibernate.Version                    : HHH000412: Hibernate ORM core version 6.4.1.Final
2024-03-20T10:41:16.951+07:00  INFO 15932 --- [           main] o.h.c.internal.RegionFactoryInitiator    : HHH000026: Second-level cache disabled
2024-03-20T10:41:17.326+07:00  INFO 15932 --- [           main] o.s.o.j.p.SpringPersistenceUnitInfo      : No LoadTimeWeaver setup: ignoring JPA class transformer
2024-03-20T10:41:17.361+07:00  INFO 15932 --- [           main] com.zaxxer.hikari.HikariDataSource       : HikariPool-1 - Starting...
2024-03-20T10:41:18.099+07:00  INFO 15932 --- [           main] com.zaxxer.hikari.pool.HikariPool        : HikariPool-1 - Added connection ConnectionID:1 ClientConnectionId: 613a10e3-0d57-44d2-9a0f-da69cbcd7ee1
2024-03-20T10:41:18.102+07:00  INFO 15932 --- [           main] com.zaxxer.hikari.HikariDataSource       : HikariPool-1 - Start completed.
2024-03-20T10:41:19.320+07:00  INFO 15932 --- [           main] o.h.e.t.j.p.i.JtaPlatformInitiator       : HHH000489: No JTA platform available (set 'hibernate.transaction.jta.platform' to enable JTA platform integration)
2024-03-20T10:41:20.385+07:00  INFO 15932 --- [           main] j.LocalContainerEntityManagerFactoryBean : Initialized JPA EntityManagerFactory for persistence unit 'default'
2024-03-20T10:41:20.795+07:00  INFO 15932 --- [           main] o.s.d.j.r.query.QueryEnhancerFactory     : Hibernate is in classpath; If applicable, HQL parser will be used.
2024-03-20T10:41:21.797+07:00  WARN 15932 --- [           main] JpaBaseConfiguration$JpaWebConfiguration : spring.jpa.open-in-view is enabled by default. Therefore, database queries may be performed during view rendering. Explicitly configure spring.jpa.open-in-view to disable this warning
2024-03-20T10:41:22.351+07:00  INFO 15932 --- [           main] AbstractAzureServiceClientBuilderFactory : Will configure the default credential of type DefaultAzureCredential for class com.azure.identity.DefaultAzureCredentialBuilder.
2024-03-20T10:41:22.772+07:00  INFO 15932 --- [           main] p.assignment.AssignmentApplicationTests  : Started AssignmentApplicationTests in 7.973 seconds (process running for 9.193)
]]></system-out>
  </testcase>
</testsuite>